<?xml version="1.0" encoding="UTF-8"?>
<!-- Generated by org.testng.reporters.JUnitReportReporter -->
<testsuite hostname="EXTHBOT" failures="0" tests="1" name="Flights.TestCases.Test_New_User_Registeration" time="3.987" errors="0" timestamp="2024-07-25T19:40:27 IST" skipped="0">
  <testcase classname="Flights.TestCases.Test_New_User_Registeration" name="newUserRegisteration" time="3.987"/>
</testsuite> <!-- Flights.TestCases.Test_New_User_Registeration -->
