<?xml version="1.0" encoding="UTF-8"?>
<!-- Generated by org.testng.reporters.JUnitReportReporter -->
<testsuite hostname="EXTHBOT" failures="0" tests="1" name="Flights.TestCases.Admin_Login_Test_with_InValid_Data" time="1.396" errors="0" timestamp="2024-05-26T17:36:04 IST" skipped="0">
  <testcase classname="Flights.TestCases.Admin_Login_Test_with_InValid_Data" name="testAdminLogin" time="1.396"/>
</testsuite> <!-- Flights.TestCases.Admin_Login_Test_with_InValid_Data -->
