<?xml version="1.0" encoding="UTF-8"?>
<!-- Generated by org.testng.reporters.JUnitReportReporter -->
<testsuite hostname="EXTHBOT" failures="0" tests="1" name="Flights.TestCases.User_Login_Test_with_InValid_Data" time="1.304" errors="0" timestamp="2024-07-25T19:40:27 IST" skipped="0">
  <testcase classname="Flights.TestCases.User_Login_Test_with_InValid_Data" name="testAdminLogin" time="1.304"/>
</testsuite> <!-- Flights.TestCases.User_Login_Test_with_InValid_Data -->
