<?xml version="1.0" encoding="UTF-8"?>
<!-- Generated by org.testng.reporters.JUnitReportReporter -->
<testsuite hostname="EXTHBOT" failures="0" tests="1" name="Flights.TestCases.Test_Booking_Flight_Ticket" time="24.253" errors="0" timestamp="2024-07-25T19:40:27 IST" skipped="0">
  <testcase classname="Flights.TestCases.Test_Booking_Flight_Ticket" name="flightReservation" time="24.253"/>
</testsuite> <!-- Flights.TestCases.Test_Booking_Flight_Ticket -->
