<?xml version="1.0" encoding="UTF-8"?>
<!-- Generated by org.testng.reporters.JUnitReportReporter -->
<testsuite hostname="EXTHBOT" failures="0" tests="1" name="Flights.TestCases.Test_User_Cancellation_of_Flight_Ticket" time="5.266" errors="0" timestamp="2024-07-25T19:40:27 IST" skipped="0">
  <testcase classname="Flights.TestCases.Test_User_Cancellation_of_Flight_Ticket" name="flightBookingCancel" time="5.266"/>
</testsuite> <!-- Flights.TestCases.Test_User_Cancellation_of_Flight_Ticket -->
