<?xml version="1.0" encoding="UTF-8"?>
<!-- Generated by org.testng.reporters.JUnitReportReporter -->
<testsuite hostname="EXTHBOT" failures="0" tests="1" name="TestRunners.UserRegisterationTest" time="7.058" errors="0" timestamp="2024-07-25T18:03:22 IST" skipped="0">
  <testcase classname="TestRunners.UserRegisterationTest" name="runScenario" time="7.058"/>
</testsuite> <!-- TestRunners.UserRegisterationTest -->
