<?xml version="1.0" encoding="UTF-8"?>
<!-- Generated by org.testng.reporters.JUnitReportReporter -->
<testsuite hostname="EXTHBOT" failures="0" tests="5" name="TestRunners.UserLoginTest" time="41.269" errors="0" timestamp="2024-07-25T18:03:22 IST" skipped="0">
  <testcase classname="TestRunners.UserLoginTest" name="runScenario" time="6.591"/>
  <testcase classname="TestRunners.UserLoginTest" name="runScenario" time="3.824"/>
  <testcase classname="TestRunners.UserLoginTest" name="runScenario" time="3.848"/>
  <testcase classname="TestRunners.UserLoginTest" name="runScenario" time="3.752"/>
  <testcase classname="TestRunners.UserLoginTest" name="runScenario" time="23.254"/>
</testsuite> <!-- TestRunners.UserLoginTest -->
