<?xml version="1.0" encoding="UTF-8"?>
<!-- Generated by org.testng.reporters.JUnitReportReporter -->
<testsuite hostname="EXTHBOT" failures="0" tests="1" name="TestRunners.UserBookingFlightTicketTest" time="34.049" errors="0" timestamp="2024-07-25T18:03:22 IST" skipped="0">
  <testcase classname="TestRunners.UserBookingFlightTicketTest" name="runScenario" time="34.049"/>
</testsuite> <!-- TestRunners.UserBookingFlightTicketTest -->
