<?xml version="1.0" encoding="UTF-8"?>
<!-- Generated by org.testng.reporters.JUnitReportReporter -->
<testsuite hostname="EXTHBOT" failures="0" tests="1" name="TestRunners.UserCancelFlightTicketTest" time="26.543" errors="0" timestamp="2024-07-25T18:03:22 IST" skipped="0">
  <testcase classname="TestRunners.UserCancelFlightTicketTest" name="runScenario" time="26.543"/>
</testsuite> <!-- TestRunners.UserCancelFlightTicketTest -->
